km@km-VirtualBox:~/Gdb-debub/memory-debug$ 1-valgrind ./a.out 
==1743== Memcheck, a memory error detector
==1743== Copyright (C) 2002-2017, and GNU GPL'd, by Julian Seward et al.
==1743== Using Valgrind-3.13.0 and LibVEX; rerun with -h for copyright info
==1743== Command: ./a.out
==1743== 
==1743== Invalid free() / delete / delete[] / realloc()
==1743==    at 0x4C32D3B: free (in /usr/lib/valgrind/vgpreload_memcheck-amd64-linux.so)
==1743==    by 0x1086CD: main (in /home/km/Gdb-debub/memory-debug/a.out)
==1743==  Address 0x522f040 is 0 bytes inside a block of size 512 free'd
==1743==    at 0x4C32D3B: free (in /usr/lib/valgrind/vgpreload_memcheck-amd64-linux.so)
==1743==    by 0x1086C1: main (in /home/km/Gdb-debub/memory-debug/a.out)
==1743==  Block was alloc'd at
==1743==    at 0x4C31B0F: malloc (in /usr/lib/valgrind/vgpreload_memcheck-amd64-linux.so)
==1743==    by 0x10869B: main (in /home/km/Gdb-debub/memory-debug/a.out)
==1743== 
==1743== 
==1743== HEAP SUMMARY:
==1743==     in use at exit: 512 bytes in 1 blocks
==1743==   total heap usage: 2 allocs, 2 frees, 1,024 bytes allocated
==1743== 
==1743== LEAK SUMMARY:
==1743==    definitely lost: 512 bytes in 1 blocks
==1743==    indirectly lost: 0 bytes in 0 blocks
==1743==      possibly lost: 0 bytes in 0 blocks
==1743==    still reachable: 0 bytes in 0 blocks
==1743==         suppressed: 0 bytes in 0 blocks
==1743== Rerun with --leak-check=full to see details of leaked memory
==1743== 
==1743== For counts of detected and suppressed errors, rerun with: -v
==1743== ERROR SUMMARY: 1 errors from 1 contexts (suppressed: 0 from 0)

km@km-VirtualBox:~/Gdb-debub/memory-debug$ 1-valgrind ./a.out 
==1754== Memcheck, a memory error detector
==1754== Copyright (C) 2002-2017, and GNU GPL'd, by Julian Seward et al.
==1754== Using Valgrind-3.13.0 and LibVEX; rerun with -h for copyright info
==1754== Command: ./a.out
==1754== 
==1754== 
==1754== HEAP SUMMARY:
==1754==     in use at exit: 0 bytes in 0 blocks
==1754==   total heap usage: 2 allocs, 2 frees, 1,024 bytes allocated
==1754== 
==1754== All heap blocks were freed -- no leaks are possible
==1754== 
==1754== For counts of detected and suppressed errors, rerun with: -v
==1754== ERROR SUMMARY: 0 errors from 0 contexts (suppressed: 0 from 0)

