km@km-VirtualBox:~/Gdb-debub/memory-debug$ 2-valgrind ./a.out 
==1781== Memcheck, a memory error detector
==1781== Copyright (C) 2002-2017, and GNU GPL'd, by Julian Seward et al.
==1781== Using Valgrind-3.13.0 and LibVEX; rerun with -h for copyright info
==1781== Command: ./a.out
==1781== 
==1781== 
==1781== HEAP SUMMARY:
==1781==     in use at exit: 5,120 bytes in 512 blocks
==1781==   total heap usage: 514 allocs, 2 frees, 6,144 bytes allocated
==1781== 
==1781== LEAK SUMMARY:
==1781==    definitely lost: 5,120 bytes in 512 blocks
==1781==    indirectly lost: 0 bytes in 0 blocks
==1781==      possibly lost: 0 bytes in 0 blocks
==1781==    still reachable: 0 bytes in 0 blocks
==1781==         suppressed: 0 bytes in 0 blocks
==1781== Rerun with --leak-check=full to see details of leaked memory
==1781== 
==1781== For counts of detected and suppressed errors, rerun with: -v
==1781== ERROR SUMMARY: 0 errors from 0 contexts (suppressed: 0 from 0)

km@km-VirtualBox:~/Gdb-debub/memory-debug$ 2-valgrind ./a.out 
==1791== Memcheck, a memory error detector
==1791== Copyright (C) 2002-2017, and GNU GPL'd, by Julian Seward et al.
==1791== Using Valgrind-3.13.0 and LibVEX; rerun with -h for copyright info
==1791== Command: ./a.out
==1791== 
==1791== 
==1791== HEAP SUMMARY:
==1791==     in use at exit: 0 bytes in 0 blocks
==1791==   total heap usage: 514 allocs, 514 frees, 6,144 bytes allocated
==1791== 
==1791== All heap blocks were freed -- no leaks are possible
==1791== 
==1791== For counts of detected and suppressed errors, rerun with: -v
==1791== ERROR SUMMARY: 0 errors from 0 contexts (suppressed: 0 from 0)

