km@km-VirtualBox:~/Gdb-debub/memory-debug$ 3-valgrind ./a.out 
==1831== Memcheck, a memory error detector
==1831== Copyright (C) 2002-2017, and GNU GPL'd, by Julian Seward et al.
==1831== Using Valgrind-3.13.0 and LibVEX; rerun with -h for copyright info
==1831== Command: ./a.out
==1831== 
==1831== Invalid write of size 1
==1831==    at 0x1086C4: main (in /home/km/Gdb-debub/memory-debug/a.out)
==1831==  Address 0x522f240 is 0 bytes after a block of size 512 alloc'd
==1831==    at 0x4C31B0F: malloc (in /usr/lib/valgrind/vgpreload_memcheck-amd64-linux.so)
==1831==    by 0x1086A2: main (in /home/km/Gdb-debub/memory-debug/a.out)
==1831== 
==1831== Invalid read of size 1
==1831==    at 0x1086E1: main (in /home/km/Gdb-debub/memory-debug/a.out)
==1831==  Address 0x522f240 is 0 bytes after a block of size 512 alloc'd
==1831==    at 0x4C31B0F: malloc (in /usr/lib/valgrind/vgpreload_memcheck-amd64-linux.so)
==1831==    by 0x1086A2: main (in /home/km/Gdb-debub/memory-debug/a.out)
==1831== 
==1831== Invalid write of size 1
==1831==    at 0x1086E4: main (in /home/km/Gdb-debub/memory-debug/a.out)
==1831==  Address 0x522f480 is 0 bytes after a block of size 512 alloc'd
==1831==    at 0x4C31B0F: malloc (in /usr/lib/valgrind/vgpreload_memcheck-amd64-linux.so)
==1831==    by 0x1086B0: main (in /home/km/Gdb-debub/memory-debug/a.out)
==1831== 
==1831== 
==1831== HEAP SUMMARY:
==1831==     in use at exit: 0 bytes in 0 blocks
==1831==   total heap usage: 2 allocs, 2 frees, 1,024 bytes allocated
==1831== 
==1831== All heap blocks were freed -- no leaks are possible
==1831== 
==1831== For counts of detected and suppressed errors, rerun with: -v
==1831== ERROR SUMMARY: 6 errors from 3 contexts (suppressed: 0 from)

km@km-VirtualBox:~/Gdb-debub/memory-debug$ 3-valgrind ./a.out 
==1849== Memcheck, a memory error detector
==1849== Copyright (C) 2002-2017, and GNU GPL'd, by Julian Seward et al.
==1849== Using Valgrind-3.13.0 and LibVEX; rerun with -h for copyright info
==1849== Command: ./a.out
==1849== 
==1849== 
==1849== HEAP SUMMARY:
==1849==     in use at exit: 0 bytes in 0 blocks
==1849==   total heap usage: 2 allocs, 2 frees, 1,024 bytes allocated
==1849== 
==1849== All heap blocks were freed -- no leaks are possible
==1849== 
==1849== For counts of detected and suppressed errors, rerun with: -v
==1849== ERROR SUMMARY: 0 errors from 0 contexts (suppressed: 0 from 0)

